2024-12-02 18:08:37,882 [INFO] Iniciando a busca por carteiras com saldo...
2024-12-02 18:08:37,882 [INFO] Usando proxy: http://gurywaqq-rotate:d94fq9njxb3s@p.webshare.io:80
2024-12-02 18:08:37,913 [INFO] Tarefa 1: Gerando carteiras para BTC: 12Eh47zzsrHw3TtoEPhU8gnUAsxLCttYdn e ETH: 0xAFd7a1a79029D072d600879e85310EdDa76283A2 a partir da mnemonic.
2024-12-02 18:08:37,938 [INFO] Tarefa 2: Gerando carteiras para BTC: 16gu4M8X7XcqwEnhkNhpZqcbYB1Yjprw5J e ETH: 0xfBA9dA0b4dBE646564ad92edE3e01B673aCa202e a partir da mnemonic.
2024-12-02 18:08:37,950 [INFO] Tarefa 3: Gerando carteiras para BTC: 1TewTTcsDyM1zBm4nqo5616F8Ljvpg7Xz e ETH: 0xB1A5ce76Df0eA28fD8623507697eF3e5e40Ec70f a partir da mnemonic.
2024-12-02 18:08:37,962 [INFO] Tarefa 4: Gerando carteiras para BTC: 1B9ecbvK4unsC975ZjgrDsE9fwDg3PtD9s e ETH: 0xb381D6D63d5F0bc6508B5266be96be250DBEDb91 a partir da mnemonic.
2024-12-02 18:08:38,008 [INFO] Tarefa 5: Gerando carteiras para BTC: 12Ws8SmjknMqQPZ31E3u2oncnUB2s9D2fU e ETH: 0x0e71045798B816e30A3DA1b4b12D79cB7a7b1BD5 a partir da mnemonic.
2024-12-02 18:08:38,022 [INFO] Tarefa 6: Gerando carteiras para BTC: 1A9ZP1HDF9VWDRWKHDMWKsNm8ivLey9YL e ETH: 0x707C5beE89702771Bc1c3E632c60A3C3d5284AC2 a partir da mnemonic.
2024-12-02 18:08:38,035 [INFO] Tarefa 7: Gerando carteiras para BTC: 1GHqTaYan2oNzoB9womWAHtdHjLzk3dTcT e ETH: 0x8f6ad0f5abb9B0EA475F373F55F57bEabE6747FF a partir da mnemonic.
2024-12-02 18:08:38,048 [INFO] Tarefa 8: Gerando carteiras para BTC: 1P7EKdJSZKeYmb4b9evHKGej4ceEL73LeJ e ETH: 0xe5E94f2D6b98a3d54F6Bc72B894EE501b5FE4036 a partir da mnemonic.
2024-12-02 18:08:38,061 [INFO] Tarefa 9: Gerando carteiras para BTC: 1DF94JN96fp9V6LhbbteJWe1phcfVEHqoP e ETH: 0x2672889cAe2DF7Ab2E49711AA15e646bc2174Fc3 a partir da mnemonic.
2024-12-02 18:08:38,073 [INFO] Tarefa 10: Gerando carteiras para BTC: 1HtZTRmGZqVbsV5DPMApNHLwmLsBXAKSkA e ETH: 0xAdee3c867Ad379dba39c84156D2f1403ecc9109E a partir da mnemonic.
2024-12-02 18:08:39,689 [WARNING] Falha ao acessar API https://api.blockchair.com/bitcoin/dashboards/address/1B9ecbvK4unsC975ZjgrDsE9fwDg3PtD9s. Status 430. Tentando novamente após backoff...
2024-12-02 18:08:39,722 [WARNING] Falha ao acessar API https://api.blockchair.com/bitcoin/dashboards/address/12Eh47zzsrHw3TtoEPhU8gnUAsxLCttYdn. Status 430. Tentando novamente após backoff...
2024-12-02 18:08:39,723 [WARNING] Falha ao acessar API https://api.blockchair.com/bitcoin/dashboards/address/1HtZTRmGZqVbsV5DPMApNHLwmLsBXAKSkA. Status 430. Tentando novamente após backoff...
2024-12-02 18:08:39,730 [WARNING] Falha ao acessar API https://api.blockchair.com/bitcoin/dashboards/address/1P7EKdJSZKeYmb4b9evHKGej4ceEL73LeJ. Status 430. Tentando novamente após backoff...
2024-12-02 18:08:39,913 [WARNING] Falha ao acessar API https://api.blockchair.com/bitcoin/dashboards/address/1GHqTaYan2oNzoB9womWAHtdHjLzk3dTcT. Status 430. Tentando novamente após backoff...
2024-12-02 18:08:40,106 [WARNING] Falha ao acessar API https://api.blockchair.com/bitcoin/dashboards/address/1A9ZP1HDF9VWDRWKHDMWKsNm8ivLey9YL. Status 430. Tentando novamente após backoff...
2024-12-02 18:08:40,461 [WARNING] Falha ao acessar API https://api.blockchair.com/bitcoin/dashboards/address/1B9ecbvK4unsC975ZjgrDsE9fwDg3PtD9s. Status 430. Tentando novamente após backoff...
2024-12-02 18:08:40,489 [WARNING] Falha ao acessar API https://api.blockchair.com/bitcoin/dashboards/address/1P7EKdJSZKeYmb4b9evHKGej4ceEL73LeJ. Status 430. Tentando novamente após backoff...
2024-12-02 18:08:40,503 [WARNING] Falha ao acessar API https://api.blockchair.com/bitcoin/dashboards/address/1HtZTRmGZqVbsV5DPMApNHLwmLsBXAKSkA. Status 430. Tentando novamente após backoff...
2024-12-02 18:08:40,547 [WARNING] Falha ao acessar API https://api.blockchair.com/bitcoin/dashboards/address/1TewTTcsDyM1zBm4nqo5616F8Ljvpg7Xz. Status 430. Tentando novamente após backoff...
2024-12-02 18:08:40,586 [WARNING] Falha ao acessar API https://api.blockchair.com/bitcoin/dashboards/address/12Eh47zzsrHw3TtoEPhU8gnUAsxLCttYdn. Status 430. Tentando novamente após backoff...
2024-12-02 18:08:40,673 [WARNING] Falha ao acessar API https://api.blockchair.com/bitcoin/dashboards/address/1GHqTaYan2oNzoB9womWAHtdHjLzk3dTcT. Status 430. Tentando novamente após backoff...
2024-12-02 18:08:40,957 [WARNING] Falha ao acessar API https://api.blockchair.com/bitcoin/dashboards/address/1A9ZP1HDF9VWDRWKHDMWKsNm8ivLey9YL. Status 430. Tentando novamente após backoff...
2024-12-02 18:08:41,379 [WARNING] Falha ao acessar API https://api.blockchair.com/bitcoin/dashboards/address/1TewTTcsDyM1zBm4nqo5616F8Ljvpg7Xz. Status 430. Tentando novamente após backoff...
2024-12-02 18:08:41,706 [WARNING] Falha ao acessar API https://api.blockchair.com/bitcoin/dashboards/address/1B9ecbvK4unsC975ZjgrDsE9fwDg3PtD9s. Status 430. Tentando novamente após backoff...
2024-12-02 18:08:41,770 [WARNING] Falha ao acessar API https://api.blockchair.com/bitcoin/dashboards/address/1P7EKdJSZKeYmb4b9evHKGej4ceEL73LeJ. Status 430. Tentando novamente após backoff...
2024-12-02 18:08:41,857 [WARNING] Falha ao acessar API https://api.blockchair.com/bitcoin/dashboards/address/1HtZTRmGZqVbsV5DPMApNHLwmLsBXAKSkA. Status 430. Tentando novamente após backoff...
2024-12-02 18:08:41,953 [WARNING] Falha ao acessar API https://api.blockchair.com/bitcoin/dashboards/address/1GHqTaYan2oNzoB9womWAHtdHjLzk3dTcT. Status 430. Tentando novamente após backoff...
2024-12-02 18:08:41,964 [WARNING] Falha ao acessar API https://api.blockchair.com/bitcoin/dashboards/address/12Eh47zzsrHw3TtoEPhU8gnUAsxLCttYdn. Status 430. Tentando novamente após backoff...
2024-12-02 18:08:42,391 [WARNING] Falha ao acessar API https://api.blockchair.com/bitcoin/dashboards/address/1A9ZP1HDF9VWDRWKHDMWKsNm8ivLey9YL. Status 430. Tentando novamente após backoff...
2024-12-02 18:08:42,678 [WARNING] Falha ao acessar API https://api.blockchair.com/bitcoin/dashboards/address/1TewTTcsDyM1zBm4nqo5616F8Ljvpg7Xz. Status 430. Tentando novamente após backoff...
2024-12-02 18:08:43,708 [WARNING] Exaustão de tentativas para API https://api.blockchair.com/bitcoin/dashboards/address/1B9ecbvK4unsC975ZjgrDsE9fwDg3PtD9s. Passando para a próxima API.
2024-12-02 18:08:43,772 [WARNING] Exaustão de tentativas para API https://api.blockchair.com/bitcoin/dashboards/address/1P7EKdJSZKeYmb4b9evHKGej4ceEL73LeJ. Passando para a próxima API.
2024-12-02 18:08:43,858 [WARNING] Exaustão de tentativas para API https://api.blockchair.com/bitcoin/dashboards/address/1HtZTRmGZqVbsV5DPMApNHLwmLsBXAKSkA. Passando para a próxima API.
2024-12-02 18:08:43,957 [WARNING] Exaustão de tentativas para API https://api.blockchair.com/bitcoin/dashboards/address/1GHqTaYan2oNzoB9womWAHtdHjLzk3dTcT. Passando para a próxima API.
2024-12-02 18:08:43,965 [WARNING] Exaustão de tentativas para API https://api.blockchair.com/bitcoin/dashboards/address/12Eh47zzsrHw3TtoEPhU8gnUAsxLCttYdn. Passando para a próxima API.
2024-12-02 18:08:44,392 [WARNING] Exaustão de tentativas para API https://api.blockchair.com/bitcoin/dashboards/address/1A9ZP1HDF9VWDRWKHDMWKsNm8ivLey9YL. Passando para a próxima API.
2024-12-02 18:08:44,615 [WARNING] Falha ao acessar API https://api.blockcypher.com/v1/btc/main/addrs/1HtZTRmGZqVbsV5DPMApNHLwmLsBXAKSkA/balance. Status 429. Tentando novamente após backoff...
2024-12-02 18:08:44,679 [WARNING] Exaustão de tentativas para API https://api.blockchair.com/bitcoin/dashboards/address/1TewTTcsDyM1zBm4nqo5616F8Ljvpg7Xz. Passando para a próxima API.
2024-12-02 18:08:44,682 [WARNING] Falha ao acessar API https://api.blockcypher.com/v1/btc/main/addrs/1P7EKdJSZKeYmb4b9evHKGej4ceEL73LeJ/balance. Status 429. Tentando novamente após backoff...
2024-12-02 18:08:45,259 [WARNING] Falha ao acessar API https://api.blockcypher.com/v1/btc/main/addrs/1B9ecbvK4unsC975ZjgrDsE9fwDg3PtD9s/balance. Status 429. Tentando novamente após backoff...
2024-12-02 18:08:45,672 [WARNING] Falha ao acessar API https://api.blockcypher.com/v1/btc/main/addrs/12Eh47zzsrHw3TtoEPhU8gnUAsxLCttYdn/balance. Status 429. Tentando novamente após backoff...
2024-12-02 18:08:46,254 [WARNING] Falha ao acessar API https://api.blockcypher.com/v1/btc/main/addrs/1TewTTcsDyM1zBm4nqo5616F8Ljvpg7Xz/balance. Status 429. Tentando novamente após backoff...
2024-12-02 18:08:46,808 [WARNING] Falha ao acessar API https://api.blockcypher.com/v1/btc/main/addrs/1A9ZP1HDF9VWDRWKHDMWKsNm8ivLey9YL/balance. Status 429. Tentando novamente após backoff...
2024-12-02 18:08:47,050 [WARNING] Falha ao acessar API https://api.blockchair.com/bitcoin/dashboards/address/12Ws8SmjknMqQPZ31E3u2oncnUB2s9D2fU. Status 430. Tentando novamente após backoff...
2024-12-02 18:08:47,437 [WARNING] Falha ao acessar API https://api.blockcypher.com/v1/btc/main/addrs/1B9ecbvK4unsC975ZjgrDsE9fwDg3PtD9s/balance. Status 429. Tentando novamente após backoff...
2024-12-02 18:08:47,668 [WARNING] Falha ao acessar API https://api.blockcypher.com/v1/btc/main/addrs/1TewTTcsDyM1zBm4nqo5616F8Ljvpg7Xz/balance. Status 429. Tentando novamente após backoff...
2024-12-02 18:08:47,749 [WARNING] Falha ao acessar API https://api.blockcypher.com/v1/btc/main/addrs/12Eh47zzsrHw3TtoEPhU8gnUAsxLCttYdn/balance. Status 429. Tentando novamente após backoff...
2024-12-02 18:08:47,798 [WARNING] Falha ao acessar API https://api.blockchair.com/bitcoin/dashboards/address/12Ws8SmjknMqQPZ31E3u2oncnUB2s9D2fU. Status 430. Tentando novamente após backoff...
2024-12-02 18:08:48,583 [WARNING] Falha ao acessar API https://api.blockcypher.com/v1/btc/main/addrs/1A9ZP1HDF9VWDRWKHDMWKsNm8ivLey9YL/balance. Status 429. Tentando novamente após backoff...
2024-12-02 18:08:48,584 [WARNING] Timeout ao acessar API https://api.blockchair.com/bitcoin/dashboards/address/16gu4M8X7XcqwEnhkNhpZqcbYB1Yjprw5J. Tentando novamente após backoff...
2024-12-02 18:08:48,585 [WARNING] Timeout ao acessar API https://api.blockchair.com/bitcoin/dashboards/address/1DF94JN96fp9V6LhbbteJWe1phcfVEHqoP. Tentando novamente após backoff...
2024-12-02 18:08:48,677 [WARNING] Falha ao acessar API https://api.blockcypher.com/v1/btc/main/addrs/1HtZTRmGZqVbsV5DPMApNHLwmLsBXAKSkA/balance. Status 429. Tentando novamente após backoff...
2024-12-02 18:08:49,071 [WARNING] Falha ao acessar API https://api.blockchair.com/bitcoin/dashboards/address/12Ws8SmjknMqQPZ31E3u2oncnUB2s9D2fU. Status 430. Tentando novamente após backoff...
2024-12-02 18:08:49,334 [WARNING] Falha ao acessar API https://api.blockchair.com/bitcoin/dashboards/address/1DF94JN96fp9V6LhbbteJWe1phcfVEHqoP. Status 430. Tentando novamente após backoff...
2024-12-02 18:08:49,454 [WARNING] Falha ao acessar API https://api.blockchair.com/bitcoin/dashboards/address/16gu4M8X7XcqwEnhkNhpZqcbYB1Yjprw5J. Status 430. Tentando novamente após backoff...
2024-12-02 18:08:49,601 [WARNING] Falha ao acessar API https://api.blockcypher.com/v1/btc/main/addrs/1P7EKdJSZKeYmb4b9evHKGej4ceEL73LeJ/balance. Status 429. Tentando novamente após backoff...
2024-12-02 18:08:49,655 [WARNING] Falha ao acessar API https://api.blockcypher.com/v1/btc/main/addrs/1TewTTcsDyM1zBm4nqo5616F8Ljvpg7Xz/balance. Status 429. Tentando novamente após backoff...
2024-12-02 18:08:50,069 [WARNING] Falha ao acessar API https://api.blockcypher.com/v1/btc/main/addrs/1B9ecbvK4unsC975ZjgrDsE9fwDg3PtD9s/balance. Status 429. Tentando novamente após backoff...
2024-12-02 18:08:50,437 [WARNING] Falha ao acessar API https://api.blockcypher.com/v1/btc/main/addrs/12Eh47zzsrHw3TtoEPhU8gnUAsxLCttYdn/balance. Status 429. Tentando novamente após backoff...
2024-12-02 18:08:50,714 [WARNING] Falha ao acessar API https://api.blockchair.com/bitcoin/dashboards/address/1DF94JN96fp9V6LhbbteJWe1phcfVEHqoP. Status 430. Tentando novamente após backoff...
2024-12-02 18:08:50,733 [WARNING] Falha ao acessar API https://api.blockchair.com/bitcoin/dashboards/address/16gu4M8X7XcqwEnhkNhpZqcbYB1Yjprw5J. Status 430. Tentando novamente após backoff...
2024-12-02 18:08:50,964 [WARNING] Falha ao acessar API https://api.blockcypher.com/v1/btc/main/addrs/1A9ZP1HDF9VWDRWKHDMWKsNm8ivLey9YL/balance. Status 429. Tentando novamente após backoff...
2024-12-02 18:08:51,072 [WARNING] Exaustão de tentativas para API https://api.blockchair.com/bitcoin/dashboards/address/12Ws8SmjknMqQPZ31E3u2oncnUB2s9D2fU. Passando para a próxima API.
2024-12-02 18:08:51,485 [WARNING] Falha ao acessar API https://api.blockcypher.com/v1/btc/main/addrs/1HtZTRmGZqVbsV5DPMApNHLwmLsBXAKSkA/balance. Status 429. Tentando novamente após backoff...
2024-12-02 18:08:51,661 [WARNING] Exaustão de tentativas para API https://api.blockcypher.com/v1/btc/main/addrs/1TewTTcsDyM1zBm4nqo5616F8Ljvpg7Xz/balance. Passando para a próxima API.
2024-12-02 18:08:52,070 [WARNING] Exaustão de tentativas para API https://api.blockcypher.com/v1/btc/main/addrs/1B9ecbvK4unsC975ZjgrDsE9fwDg3PtD9s/balance. Passando para a próxima API.
2024-12-02 18:08:52,440 [WARNING] Exaustão de tentativas para API https://api.blockcypher.com/v1/btc/main/addrs/12Eh47zzsrHw3TtoEPhU8gnUAsxLCttYdn/balance. Passando para a próxima API.
2024-12-02 18:08:52,698 [INFO] Endereço 1TewTTcsDyM1zBm4nqo5616F8Ljvpg7Xz - Saldo: 0.0 BTC
2024-12-02 18:08:52,717 [WARNING] Exaustão de tentativas para API https://api.blockchair.com/bitcoin/dashboards/address/1DF94JN96fp9V6LhbbteJWe1phcfVEHqoP. Passando para a próxima API.
2024-12-02 18:08:52,736 [WARNING] Exaustão de tentativas para API https://api.blockchair.com/bitcoin/dashboards/address/16gu4M8X7XcqwEnhkNhpZqcbYB1Yjprw5J. Passando para a próxima API.
2024-12-02 18:08:52,965 [WARNING] Exaustão de tentativas para API https://api.blockcypher.com/v1/btc/main/addrs/1A9ZP1HDF9VWDRWKHDMWKsNm8ivLey9YL/balance. Passando para a próxima API.
2024-12-02 18:08:53,174 [WARNING] Falha ao acessar API https://api.blockchair.com/ethereum/dashboards/address/0xB1A5ce76Df0eA28fD8623507697eF3e5e40Ec70f. Status 430. Tentando novamente após backoff...
2024-12-02 18:08:53,242 [INFO] Endereço 1A9ZP1HDF9VWDRWKHDMWKsNm8ivLey9YL - Saldo: 0.0 BTC
2024-12-02 18:08:53,319 [WARNING] Falha ao acessar API https://api.blockcypher.com/v1/btc/main/addrs/12Ws8SmjknMqQPZ31E3u2oncnUB2s9D2fU/balance. Status 429. Tentando novamente após backoff...
2024-12-02 18:08:53,460 [WARNING] Falha ao acessar API https://blockchain.info/rawaddr/12Eh47zzsrHw3TtoEPhU8gnUAsxLCttYdn. Status 429. Tentando novamente após backoff...
2024-12-02 18:08:53,488 [WARNING] Exaustão de tentativas para API https://api.blockcypher.com/v1/btc/main/addrs/1HtZTRmGZqVbsV5DPMApNHLwmLsBXAKSkA/balance. Passando para a próxima API.
2024-12-02 18:08:53,569 [INFO] Endereço 1B9ecbvK4unsC975ZjgrDsE9fwDg3PtD9s - Saldo: 0.0 BTC
2024-12-02 18:08:53,638 [WARNING] Falha ao acessar API https://api.blockcypher.com/v1/btc/main/addrs/16gu4M8X7XcqwEnhkNhpZqcbYB1Yjprw5J/balance. Status 429. Tentando novamente após backoff...
2024-12-02 18:08:53,703 [WARNING] Falha ao acessar API https://api.blockchair.com/ethereum/dashboards/address/0x707C5beE89702771Bc1c3E632c60A3C3d5284AC2. Status 430. Tentando novamente após backoff...
2024-12-02 18:08:53,773 [INFO] Endereço 1HtZTRmGZqVbsV5DPMApNHLwmLsBXAKSkA - Saldo: 0.0 BTC
2024-12-02 18:08:53,939 [WARNING] Falha ao acessar API https://api.blockchair.com/ethereum/dashboards/address/0xB1A5ce76Df0eA28fD8623507697eF3e5e40Ec70f. Status 430. Tentando novamente após backoff...
2024-12-02 18:08:53,956 [WARNING] Falha ao acessar API https://api.blockchair.com/ethereum/dashboards/address/0xb381D6D63d5F0bc6508B5266be96be250DBEDb91. Status 430. Tentando novamente após backoff...
2024-12-02 18:08:54,020 [WARNING] Falha ao acessar API https://api.blockchair.com/ethereum/dashboards/address/0xAdee3c867Ad379dba39c84156D2f1403ecc9109E. Status 430. Tentando novamente após backoff...
2024-12-02 18:08:54,046 [WARNING] Falha ao acessar API https://api.blockcypher.com/v1/btc/main/addrs/1GHqTaYan2oNzoB9womWAHtdHjLzk3dTcT/balance. Status 429. Tentando novamente após backoff...
2024-12-02 18:08:54,202 [WARNING] Falha ao acessar API https://blockchain.info/rawaddr/12Eh47zzsrHw3TtoEPhU8gnUAsxLCttYdn. Status 429. Tentando novamente após backoff...
2024-12-02 18:08:54,247 [WARNING] Falha ao acessar API https://api.blockcypher.com/v1/btc/main/addrs/1DF94JN96fp9V6LhbbteJWe1phcfVEHqoP/balance. Status 429. Tentando novamente após backoff...
2024-12-02 18:08:54,576 [WARNING] Falha ao acessar API https://api.blockchair.com/ethereum/dashboards/address/0x707C5beE89702771Bc1c3E632c60A3C3d5284AC2. Status 430. Tentando novamente após backoff...
2024-12-02 18:08:54,577 [WARNING] Falha ao acessar API https://api.blockcypher.com/v1/btc/main/addrs/12Ws8SmjknMqQPZ31E3u2oncnUB2s9D2fU/balance. Status 429. Tentando novamente após backoff...
2024-12-02 18:08:54,805 [WARNING] Falha ao acessar API https://api.blockchair.com/ethereum/dashboards/address/0xAdee3c867Ad379dba39c84156D2f1403ecc9109E. Status 430. Tentando novamente após backoff...
2024-12-02 18:08:54,829 [WARNING] Falha ao acessar API https://api.blockchair.com/ethereum/dashboards/address/0xb381D6D63d5F0bc6508B5266be96be250DBEDb91. Status 430. Tentando novamente após backoff...
2024-12-02 18:08:55,454 [WARNING] Falha ao acessar API https://api.blockchair.com/ethereum/dashboards/address/0xB1A5ce76Df0eA28fD8623507697eF3e5e40Ec70f. Status 430. Tentando novamente após backoff...
2024-12-02 18:08:55,517 [INFO] Endereço 12Eh47zzsrHw3TtoEPhU8gnUAsxLCttYdn - Saldo: 0.0 BTC
2024-12-02 18:08:55,845 [WARNING] Falha ao acessar API https://api.blockchair.com/ethereum/dashboards/address/0x707C5beE89702771Bc1c3E632c60A3C3d5284AC2. Status 430. Tentando novamente após backoff...
2024-12-02 18:08:56,004 [WARNING] Falha ao acessar API https://api.blockcypher.com/v1/btc/main/addrs/16gu4M8X7XcqwEnhkNhpZqcbYB1Yjprw5J/balance. Status 429. Tentando novamente após backoff...
2024-12-02 18:08:56,067 [WARNING] Falha ao acessar API https://api.blockchair.com/ethereum/dashboards/address/0xAdee3c867Ad379dba39c84156D2f1403ecc9109E. Status 430. Tentando novamente após backoff...
2024-12-02 18:08:56,077 [WARNING] Falha ao acessar API https://api.blockchair.com/ethereum/dashboards/address/0xb381D6D63d5F0bc6508B5266be96be250DBEDb91. Status 430. Tentando novamente após backoff...
2024-12-02 18:08:56,272 [WARNING] Falha ao acessar API https://api.blockcypher.com/v1/btc/main/addrs/1GHqTaYan2oNzoB9womWAHtdHjLzk3dTcT/balance. Status 429. Tentando novamente após backoff...
2024-12-02 18:08:56,294 [WARNING] Falha ao acessar API https://api.blockcypher.com/v1/btc/main/addrs/12Ws8SmjknMqQPZ31E3u2oncnUB2s9D2fU/balance. Status 429. Tentando novamente após backoff...
2024-12-02 18:08:57,456 [WARNING] Exaustão de tentativas para API https://api.blockchair.com/ethereum/dashboards/address/0xB1A5ce76Df0eA28fD8623507697eF3e5e40Ec70f. Passando para a próxima API.
2024-12-02 18:08:57,525 [WARNING] Falha ao acessar API https://api.blockchair.com/ethereum/dashboards/address/0xAFd7a1a79029D072d600879e85310EdDa76283A2. Status 430. Tentando novamente após backoff...
2024-12-02 18:08:57,847 [WARNING] Exaustão de tentativas para API https://api.blockchair.com/ethereum/dashboards/address/0x707C5beE89702771Bc1c3E632c60A3C3d5284AC2. Passando para a próxima API.
2024-12-02 18:08:58,068 [WARNING] Exaustão de tentativas para API https://api.blockchair.com/ethereum/dashboards/address/0xAdee3c867Ad379dba39c84156D2f1403ecc9109E. Passando para a próxima API.
2024-12-02 18:08:58,080 [WARNING] Exaustão de tentativas para API https://api.blockchair.com/ethereum/dashboards/address/0xb381D6D63d5F0bc6508B5266be96be250DBEDb91. Passando para a próxima API.
2024-12-02 18:08:58,297 [WARNING] Exaustão de tentativas para API https://api.blockcypher.com/v1/btc/main/addrs/12Ws8SmjknMqQPZ31E3u2oncnUB2s9D2fU/balance. Passando para a próxima API.
2024-12-02 18:08:58,390 [WARNING] Falha ao acessar API https://api.blockchair.com/ethereum/dashboards/address/0xAFd7a1a79029D072d600879e85310EdDa76283A2. Status 430. Tentando novamente após backoff...
2024-12-02 18:08:58,542 [WARNING] Falha ao acessar API https://blockchain.info/rawaddr/12Ws8SmjknMqQPZ31E3u2oncnUB2s9D2fU. Status 429. Tentando novamente após backoff...
2024-12-02 18:08:58,594 [WARNING] Falha ao acessar API https://api.blockcypher.com/v1/eth/main/addrs/0x707C5beE89702771Bc1c3E632c60A3C3d5284AC2/balance. Status 429. Tentando novamente após backoff...
2024-12-02 18:08:58,644 [WARNING] Falha ao acessar API https://api.blockcypher.com/v1/btc/main/addrs/16gu4M8X7XcqwEnhkNhpZqcbYB1Yjprw5J/balance. Status 429. Tentando novamente após backoff...
2024-12-02 18:08:59,287 [WARNING] Falha ao acessar API https://blockchain.info/rawaddr/12Ws8SmjknMqQPZ31E3u2oncnUB2s9D2fU. Status 429. Tentando novamente após backoff...
2024-12-02 18:08:59,489 [WARNING] Falha ao acessar API https://api.blockcypher.com/v1/eth/main/addrs/0xAdee3c867Ad379dba39c84156D2f1403ecc9109E/balance. Status 429. Tentando novamente após backoff...
2024-12-02 18:08:59,695 [WARNING] Falha ao acessar API https://api.blockchair.com/ethereum/dashboards/address/0xAFd7a1a79029D072d600879e85310EdDa76283A2. Status 430. Tentando novamente após backoff...
2024-12-02 18:09:00,131 [WARNING] Falha ao acessar API https://api.blockcypher.com/v1/eth/main/addrs/0xb381D6D63d5F0bc6508B5266be96be250DBEDb91/balance. Status 429. Tentando novamente após backoff...
2024-12-02 18:09:00,249 [WARNING] Falha ao acessar API https://api.blockcypher.com/v1/eth/main/addrs/0xB1A5ce76Df0eA28fD8623507697eF3e5e40Ec70f/balance. Status 429. Tentando novamente após backoff...
2024-12-02 18:09:00,569 [INFO] Endereço 12Ws8SmjknMqQPZ31E3u2oncnUB2s9D2fU - Saldo: 0.0 BTC
2024-12-02 18:09:00,646 [WARNING] Exaustão de tentativas para API https://api.blockcypher.com/v1/btc/main/addrs/16gu4M8X7XcqwEnhkNhpZqcbYB1Yjprw5J/balance. Passando para a próxima API.
2024-12-02 18:09:00,880 [WARNING] Falha ao acessar API https://blockchain.info/rawaddr/16gu4M8X7XcqwEnhkNhpZqcbYB1Yjprw5J. Status 429. Tentando novamente após backoff...
2024-12-02 18:09:00,935 [WARNING] Falha ao acessar API https://api.blockchair.com/ethereum/dashboards/address/0x0e71045798B816e30A3DA1b4b12D79cB7a7b1BD5. Status 430. Tentando novamente após backoff...
2024-12-02 18:09:00,943 [WARNING] Falha ao acessar API https://api.blockcypher.com/v1/eth/main/addrs/0xAdee3c867Ad379dba39c84156D2f1403ecc9109E/balance. Status 429. Tentando novamente após backoff...
2024-12-02 18:09:01,584 [WARNING] Timeout ao acessar API https://api.blockcypher.com/v1/btc/main/addrs/1P7EKdJSZKeYmb4b9evHKGej4ceEL73LeJ/balance. Tentando novamente após backoff...
2024-12-02 18:09:01,594 [WARNING] Falha ao acessar API https://api.blockcypher.com/v1/eth/main/addrs/0xb381D6D63d5F0bc6508B5266be96be250DBEDb91/balance. Status 429. Tentando novamente após backoff...
2024-12-02 18:09:01,619 [WARNING] Falha ao acessar API https://blockchain.info/rawaddr/16gu4M8X7XcqwEnhkNhpZqcbYB1Yjprw5J. Status 429. Tentando novamente após backoff...
2024-12-02 18:09:01,699 [WARNING] Exaustão de tentativas para API https://api.blockchair.com/ethereum/dashboards/address/0xAFd7a1a79029D072d600879e85310EdDa76283A2. Passando para a próxima API.
2024-12-02 18:09:01,975 [WARNING] Falha ao acessar API https://api.blockchair.com/ethereum/dashboards/address/0x0e71045798B816e30A3DA1b4b12D79cB7a7b1BD5. Status 430. Tentando novamente após backoff...
2024-12-02 18:09:02,477 [WARNING] Falha ao acessar API https://api.blockcypher.com/v1/eth/main/addrs/0xAFd7a1a79029D072d600879e85310EdDa76283A2/balance. Status 429. Tentando novamente após backoff...
2024-12-02 18:09:02,634 [WARNING] Falha ao acessar API https://api.blockcypher.com/v1/btc/main/addrs/1DF94JN96fp9V6LhbbteJWe1phcfVEHqoP/balance. Status 429. Tentando novamente após backoff...
2024-12-02 18:09:03,059 [WARNING] Falha ao acessar API https://api.blockcypher.com/v1/eth/main/addrs/0xAdee3c867Ad379dba39c84156D2f1403ecc9109E/balance. Status 429. Tentando novamente após backoff...
2024-12-02 18:09:03,119 [INFO] Endereço 16gu4M8X7XcqwEnhkNhpZqcbYB1Yjprw5J - Saldo: 0.0 BTC
2024-12-02 18:09:03,245 [WARNING] Falha ao acessar API https://api.blockchair.com/ethereum/dashboards/address/0x0e71045798B816e30A3DA1b4b12D79cB7a7b1BD5. Status 430. Tentando novamente após backoff...
2024-12-02 18:09:03,380 [WARNING] Falha ao acessar API https://api.blockchair.com/ethereum/dashboards/address/0xfBA9dA0b4dBE646564ad92edE3e01B673aCa202e. Status 430. Tentando novamente após backoff...
2024-12-02 18:09:03,585 [WARNING] Exaustão de tentativas para API https://api.blockcypher.com/v1/btc/main/addrs/1P7EKdJSZKeYmb4b9evHKGej4ceEL73LeJ/balance. Passando para a próxima API.
2024-12-02 18:09:03,792 [WARNING] Falha ao acessar API https://api.blockcypher.com/v1/eth/main/addrs/0xb381D6D63d5F0bc6508B5266be96be250DBEDb91/balance. Status 429. Tentando novamente após backoff...
2024-12-02 18:09:03,822 [WARNING] Falha ao acessar API https://blockchain.info/rawaddr/1P7EKdJSZKeYmb4b9evHKGej4ceEL73LeJ. Status 429. Tentando novamente após backoff...
2024-12-02 18:09:03,858 [WARNING] Falha ao acessar API https://api.blockcypher.com/v1/eth/main/addrs/0xB1A5ce76Df0eA28fD8623507697eF3e5e40Ec70f/balance. Status 429. Tentando novamente após backoff...
2024-12-02 18:09:03,901 [WARNING] Falha ao acessar API https://api.blockcypher.com/v1/eth/main/addrs/0xAFd7a1a79029D072d600879e85310EdDa76283A2/balance. Status 429. Tentando novamente após backoff...
2024-12-02 18:09:04,253 [WARNING] Falha ao acessar API https://api.blockchair.com/ethereum/dashboards/address/0xfBA9dA0b4dBE646564ad92edE3e01B673aCa202e. Status 430. Tentando novamente após backoff...
2024-12-02 18:09:05,037 [WARNING] Falha ao acessar API https://blockchain.info/rawaddr/1P7EKdJSZKeYmb4b9evHKGej4ceEL73LeJ. Status 429. Tentando novamente após backoff...
2024-12-02 18:09:05,059 [WARNING] Exaustão de tentativas para API https://api.blockcypher.com/v1/eth/main/addrs/0xAdee3c867Ad379dba39c84156D2f1403ecc9109E/balance. Passando para a próxima API.
2024-12-02 18:09:05,078 [INFO] Tarefa 10: Gerando carteiras para BTC: 17xSmcL6fxTQChM2Wst9HfW5jwxvgq6k5D e ETH: 0x1dD5688f57fabD174830d7F255899B49F912cb44 a partir da mnemonic.
2024-12-02 18:09:05,246 [WARNING] Exaustão de tentativas para API https://api.blockchair.com/ethereum/dashboards/address/0x0e71045798B816e30A3DA1b4b12D79cB7a7b1BD5. Passando para a próxima API.
2024-12-02 18:09:05,546 [WARNING] Falha ao acessar API https://api.blockchair.com/bitcoin/dashboards/address/17xSmcL6fxTQChM2Wst9HfW5jwxvgq6k5D. Status 430. Tentando novamente após backoff...
2024-12-02 18:09:05,610 [WARNING] Falha ao acessar API https://api.blockchair.com/ethereum/dashboards/address/0xfBA9dA0b4dBE646564ad92edE3e01B673aCa202e. Status 430. Tentando novamente após backoff...
2024-12-02 18:09:05,797 [WARNING] Exaustão de tentativas para API https://api.blockcypher.com/v1/eth/main/addrs/0xb381D6D63d5F0bc6508B5266be96be250DBEDb91/balance. Passando para a próxima API.
2024-12-02 18:09:05,815 [INFO] Tarefa 4: Gerando carteiras para BTC: 15fX5FgYxJA6HgA1JP6fZDYVRyZwa4Fwis e ETH: 0x82cb9354561Ea70C9836317a341a99c576C471d4 a partir da mnemonic.
2024-12-02 18:09:05,817 [WARNING] Falha ao acessar API https://api.blockcypher.com/v1/eth/main/addrs/0xB1A5ce76Df0eA28fD8623507697eF3e5e40Ec70f/balance. Status 429. Tentando novamente após backoff...
2024-12-02 18:09:06,095 [WARNING] Falha ao acessar API https://api.blockchair.com/bitcoin/dashboards/address/15fX5FgYxJA6HgA1JP6fZDYVRyZwa4Fwis. Status 430. Tentando novamente após backoff...
2024-12-02 18:09:06,321 [WARNING] Falha ao acessar API https://api.blockcypher.com/v1/eth/main/addrs/0x0e71045798B816e30A3DA1b4b12D79cB7a7b1BD5/balance. Status 429. Tentando novamente após backoff...
2024-12-02 18:09:06,335 [INFO] Endereço 1P7EKdJSZKeYmb4b9evHKGej4ceEL73LeJ - Saldo: 0.0 BTC
2024-12-02 18:09:06,421 [WARNING] Falha ao acessar API https://api.blockchair.com/bitcoin/dashboards/address/17xSmcL6fxTQChM2Wst9HfW5jwxvgq6k5D. Status 430. Tentando novamente após backoff...
2024-12-02 18:09:06,611 [WARNING] Falha ao acessar API https://api.blockchair.com/ethereum/dashboards/address/0xe5E94f2D6b98a3d54F6Bc72B894EE501b5FE4036. Status 430. Tentando novamente após backoff...
2024-12-02 18:09:06,682 [WARNING] Falha ao acessar API https://api.blockcypher.com/v1/btc/main/addrs/1GHqTaYan2oNzoB9womWAHtdHjLzk3dTcT/balance. Status 429. Tentando novamente após backoff...
2024-12-02 18:09:06,901 [WARNING] Falha ao acessar API https://api.blockchair.com/bitcoin/dashboards/address/15fX5FgYxJA6HgA1JP6fZDYVRyZwa4Fwis. Status 430. Tentando novamente após backoff...
2024-12-02 18:09:06,977 [WARNING] Falha ao acessar API https://api.blockcypher.com/v1/eth/main/addrs/0xAFd7a1a79029D072d600879e85310EdDa76283A2/balance. Status 429. Tentando novamente após backoff...
2024-12-02 18:09:07,374 [WARNING] Falha ao acessar API https://api.blockchair.com/ethereum/dashboards/address/0xe5E94f2D6b98a3d54F6Bc72B894EE501b5FE4036. Status 430. Tentando novamente após backoff...
2024-12-02 18:09:07,612 [WARNING] Exaustão de tentativas para API https://api.blockchair.com/ethereum/dashboards/address/0xfBA9dA0b4dBE646564ad92edE3e01B673aCa202e. Passando para a próxima API.
2024-12-02 18:09:07,683 [WARNING] Falha ao acessar API https://api.blockchair.com/bitcoin/dashboards/address/17xSmcL6fxTQChM2Wst9HfW5jwxvgq6k5D. Status 430. Tentando novamente após backoff...
2024-12-02 18:09:07,820 [WARNING] Exaustão de tentativas para API https://api.blockcypher.com/v1/eth/main/addrs/0xB1A5ce76Df0eA28fD8623507697eF3e5e40Ec70f/balance. Passando para a próxima API.
2024-12-02 18:09:07,837 [INFO] Tarefa 3: Gerando carteiras para BTC: 14kHASKqY8mvnxjmgGBiS4w44LEAPWvFms e ETH: 0xF03B97b460f45b6e3A4163539a9c6D83ea007030 a partir da mnemonic.
2024-12-02 18:09:08,298 [WARNING] Falha ao acessar API https://api.blockchair.com/bitcoin/dashboards/address/15fX5FgYxJA6HgA1JP6fZDYVRyZwa4Fwis. Status 430. Tentando novamente após backoff...
2024-12-02 18:09:08,655 [WARNING] Falha ao acessar API https://api.blockchair.com/ethereum/dashboards/address/0xe5E94f2D6b98a3d54F6Bc72B894EE501b5FE4036. Status 430. Tentando novamente após backoff...
2024-12-02 18:09:08,685 [WARNING] Exaustão de tentativas para API https://api.blockcypher.com/v1/btc/main/addrs/1GHqTaYan2oNzoB9womWAHtdHjLzk3dTcT/balance. Passando para a próxima API.
2024-12-02 18:09:08,924 [WARNING] Falha ao acessar API https://blockchain.info/rawaddr/1GHqTaYan2oNzoB9womWAHtdHjLzk3dTcT. Status 429. Tentando novamente após backoff...
2024-12-02 18:09:08,938 [WARNING] Falha ao acessar API https://api.blockcypher.com/v1/eth/main/addrs/0x0e71045798B816e30A3DA1b4b12D79cB7a7b1BD5/balance. Status 429. Tentando novamente após backoff...
2024-12-02 18:09:08,978 [WARNING] Exaustão de tentativas para API https://api.blockcypher.com/v1/eth/main/addrs/0xAFd7a1a79029D072d600879e85310EdDa76283A2/balance. Passando para a próxima API.
2024-12-02 18:09:08,993 [INFO] Tarefa 1: Gerando carteiras para BTC: 1E97YHXSjqQDSe9FhB2gPhiue2RtqfFmTi e ETH: 0xf317e5d699217727524D2633760F9fD20b9470a3 a partir da mnemonic.
2024-12-02 18:09:09,008 [WARNING] Falha ao acessar API https://api.blockcypher.com/v1/eth/main/addrs/0xfBA9dA0b4dBE646564ad92edE3e01B673aCa202e/balance. Status 429. Tentando novamente após backoff...
2024-12-02 18:09:09,177 [WARNING] Falha ao acessar API https://api.blockchair.com/bitcoin/dashboards/address/14kHASKqY8mvnxjmgGBiS4w44LEAPWvFms. Status 430. Tentando novamente após backoff...
2024-12-02 18:09:09,346 [WARNING] Falha ao acessar API https://api.blockchair.com/bitcoin/dashboards/address/1E97YHXSjqQDSe9FhB2gPhiue2RtqfFmTi. Status 430. Tentando novamente após backoff...
2024-12-02 18:09:09,347 [WARNING] Falha ao acessar API https://api.blockcypher.com/v1/eth/main/addrs/0x707C5beE89702771Bc1c3E632c60A3C3d5284AC2/balance. Status 429. Tentando novamente após backoff...
2024-12-02 18:09:09,662 [WARNING] Falha ao acessar API https://blockchain.info/rawaddr/1GHqTaYan2oNzoB9womWAHtdHjLzk3dTcT. Status 429. Tentando novamente após backoff...
2024-12-02 18:09:09,685 [WARNING] Exaustão de tentativas para API https://api.blockchair.com/bitcoin/dashboards/address/17xSmcL6fxTQChM2Wst9HfW5jwxvgq6k5D. Passando para a próxima API.
2024-12-02 18:09:09,941 [WARNING] Falha ao acessar API https://api.blockchair.com/bitcoin/dashboards/address/14kHASKqY8mvnxjmgGBiS4w44LEAPWvFms. Status 430. Tentando novamente após backoff...
2024-12-02 18:09:10,121 [WARNING] Falha ao acessar API https://api.blockchair.com/bitcoin/dashboards/address/1E97YHXSjqQDSe9FhB2gPhiue2RtqfFmTi. Status 430. Tentando novamente após backoff...
2024-12-02 18:09:10,299 [WARNING] Exaustão de tentativas para API https://api.blockchair.com/bitcoin/dashboards/address/15fX5FgYxJA6HgA1JP6fZDYVRyZwa4Fwis. Passando para a próxima API.
2024-12-02 18:09:10,430 [WARNING] Falha ao acessar API https://api.blockcypher.com/v1/btc/main/addrs/1DF94JN96fp9V6LhbbteJWe1phcfVEHqoP/balance. Status 429. Tentando novamente após backoff...
2024-12-02 18:09:10,576 [WARNING] Falha ao acessar API https://api.blockcypher.com/v1/eth/main/addrs/0xfBA9dA0b4dBE646564ad92edE3e01B673aCa202e/balance. Status 429. Tentando novamente após backoff...
2024-12-02 18:09:10,656 [WARNING] Exaustão de tentativas para API https://api.blockchair.com/ethereum/dashboards/address/0xe5E94f2D6b98a3d54F6Bc72B894EE501b5FE4036. Passando para a próxima API.
2024-12-02 18:09:10,737 [WARNING] Falha ao acessar API https://api.blockcypher.com/v1/btc/main/addrs/17xSmcL6fxTQChM2Wst9HfW5jwxvgq6k5D/balance. Status 429. Tentando novamente após backoff...
2024-12-02 18:09:10,985 [WARNING] Falha ao acessar API https://api.blockcypher.com/v1/btc/main/addrs/15fX5FgYxJA6HgA1JP6fZDYVRyZwa4Fwis/balance. Status 429. Tentando novamente após backoff...
2024-12-02 18:09:10,995 [INFO] Endereço 1GHqTaYan2oNzoB9womWAHtdHjLzk3dTcT - Saldo: 0.0 BTC
2024-12-02 18:09:11,010 [WARNING] Falha ao acessar API https://api.blockcypher.com/v1/eth/main/addrs/0x0e71045798B816e30A3DA1b4b12D79cB7a7b1BD5/balance. Status 429. Tentando novamente após backoff...
2024-12-02 18:09:11,206 [WARNING] Falha ao acessar API https://api.blockchair.com/bitcoin/dashboards/address/14kHASKqY8mvnxjmgGBiS4w44LEAPWvFms. Status 430. Tentando novamente após backoff...
2024-12-02 18:09:11,271 [WARNING] Falha ao acessar API https://api.blockchair.com/ethereum/dashboards/address/0x8f6ad0f5abb9B0EA475F373F55F57bEabE6747FF. Status 430. Tentando novamente após backoff...
2024-12-02 18:09:11,513 [WARNING] Falha ao acessar API https://api.blockchair.com/bitcoin/dashboards/address/1E97YHXSjqQDSe9FhB2gPhiue2RtqfFmTi. Status 430. Tentando novamente após backoff...
2024-12-02 18:09:11,908 [WARNING] Falha ao acessar API https://api.blockcypher.com/v1/eth/main/addrs/0x707C5beE89702771Bc1c3E632c60A3C3d5284AC2/balance. Status 429. Tentando novamente após backoff...
2024-12-02 18:09:12,060 [WARNING] Falha ao acessar API https://api.blockchair.com/ethereum/dashboards/address/0x8f6ad0f5abb9B0EA475F373F55F57bEabE6747FF. Status 430. Tentando novamente após backoff...
2024-12-02 18:09:12,371 [WARNING] Falha ao acessar API https://api.blockcypher.com/v1/eth/main/addrs/0xe5E94f2D6b98a3d54F6Bc72B894EE501b5FE4036/balance. Status 429. Tentando novamente após backoff...
2024-12-02 18:09:12,434 [WARNING] Exaustão de tentativas para API https://api.blockcypher.com/v1/btc/main/addrs/1DF94JN96fp9V6LhbbteJWe1phcfVEHqoP/balance. Passando para a próxima API.
2024-12-02 18:09:12,441 [WARNING] Falha ao acessar API https://api.blockcypher.com/v1/eth/main/addrs/0xfBA9dA0b4dBE646564ad92edE3e01B673aCa202e/balance. Status 429. Tentando novamente após backoff...
2024-12-02 18:09:12,673 [WARNING] Falha ao acessar API https://blockchain.info/rawaddr/1DF94JN96fp9V6LhbbteJWe1phcfVEHqoP. Status 429. Tentando novamente após backoff...
2024-12-02 18:09:12,765 [WARNING] Falha ao acessar API https://api.blockcypher.com/v1/btc/main/addrs/15fX5FgYxJA6HgA1JP6fZDYVRyZwa4Fwis/balance. Status 429. Tentando novamente após backoff...
2024-12-02 18:09:13,011 [WARNING] Exaustão de tentativas para API https://api.blockcypher.com/v1/eth/main/addrs/0x0e71045798B816e30A3DA1b4b12D79cB7a7b1BD5/balance. Passando para a próxima API.
2024-12-02 18:09:13,028 [INFO] Tarefa 5: Gerando carteiras para BTC: 1NbKBnkc8KaN7JoAqyuxEJPvR4s4wxhrfU e ETH: 0x5a583ff1c4FFA652346dE2ccB9B38da54Bd4662C a partir da mnemonic.
2024-12-02 18:09:13,207 [WARNING] Exaustão de tentativas para API https://api.blockchair.com/bitcoin/dashboards/address/14kHASKqY8mvnxjmgGBiS4w44LEAPWvFms. Passando para a próxima API.
2024-12-02 18:09:13,429 [WARNING] Falha ao acessar API https://blockchain.info/rawaddr/1DF94JN96fp9V6LhbbteJWe1phcfVEHqoP. Status 429. Tentando novamente após backoff...
2024-12-02 18:09:13,494 [WARNING] Falha ao acessar API https://api.blockchair.com/bitcoin/dashboards/address/1NbKBnkc8KaN7JoAqyuxEJPvR4s4wxhrfU. Status 430. Tentando novamente após backoff...
2024-12-02 18:09:13,519 [WARNING] Exaustão de tentativas para API https://api.blockchair.com/bitcoin/dashboards/address/1E97YHXSjqQDSe9FhB2gPhiue2RtqfFmTi. Passando para a próxima API.
2024-12-02 18:09:13,764 [WARNING] Falha ao acessar API https://api.blockchair.com/ethereum/dashboards/address/0x8f6ad0f5abb9B0EA475F373F55F57bEabE6747FF. Status 430. Tentando novamente após backoff...
2024-12-02 18:09:13,914 [WARNING] Exaustão de tentativas para API https://api.blockcypher.com/v1/eth/main/addrs/0x707C5beE89702771Bc1c3E632c60A3C3d5284AC2/balance. Passando para a próxima API.
2024-12-02 18:09:13,928 [INFO] Tarefa 6: Gerando carteiras para BTC: 1HeC9wXSviqo6oUdrpV4jGeVwErcRP2BKa e ETH: 0xcd83fb93e377C705E9bb9a3E046676481EBD9EeA a partir da mnemonic.
2024-12-02 18:09:14,193 [WARNING] Falha ao acessar API https://api.blockcypher.com/v1/btc/main/addrs/14kHASKqY8mvnxjmgGBiS4w44LEAPWvFms/balance. Status 429. Tentando novamente após backoff...
2024-12-02 18:09:14,195 [WARNING] Falha ao acessar API https://api.blockchair.com/bitcoin/dashboards/address/1HeC9wXSviqo6oUdrpV4jGeVwErcRP2BKa. Status 430. Tentando novamente após backoff...
2024-12-02 18:09:14,267 [WARNING] Falha ao acessar API https://api.blockchair.com/bitcoin/dashboards/address/1NbKBnkc8KaN7JoAqyuxEJPvR4s4wxhrfU. Status 430. Tentando novamente após backoff...
2024-12-02 18:09:14,444 [WARNING] Exaustão de tentativas para API https://api.blockcypher.com/v1/eth/main/addrs/0xfBA9dA0b4dBE646564ad92edE3e01B673aCa202e/balance. Passando para a próxima API.
2024-12-02 18:09:14,458 [INFO] Tarefa 2: Gerando carteiras para BTC: 1BgLiNRqZpAMYMYvJcfyMvA8Zj9uJe3SLt e ETH: 0x346bdffb356002fD968ec6769bb08A27c2196097 a partir da mnemonic.
2024-12-02 18:09:14,700 [WARNING] Falha ao acessar API https://api.blockcypher.com/v1/btc/main/addrs/1E97YHXSjqQDSe9FhB2gPhiue2RtqfFmTi/balance. Status 429. Tentando novamente após backoff...
2024-12-02 18:09:14,710 [WARNING] Falha ao acessar API https://api.blockchair.com/bitcoin/dashboards/address/1BgLiNRqZpAMYMYvJcfyMvA8Zj9uJe3SLt. Status 430. Tentando novamente após backoff...
2024-12-02 18:09:14,728 [INFO] Endereço 1DF94JN96fp9V6LhbbteJWe1phcfVEHqoP - Saldo: 0.0 BTC
2024-12-02 18:09:14,953 [WARNING] Falha ao acessar API https://api.blockcypher.com/v1/btc/main/addrs/15fX5FgYxJA6HgA1JP6fZDYVRyZwa4Fwis/balance. Status 429. Tentando novamente após backoff...
2024-12-02 18:09:14,953 [WARNING] Falha ao acessar API https://api.blockchair.com/bitcoin/dashboards/address/1HeC9wXSviqo6oUdrpV4jGeVwErcRP2BKa. Status 430. Tentando novamente após backoff...
2024-12-02 18:09:15,097 [WARNING] Falha ao acessar API https://api.blockchair.com/ethereum/dashboards/address/0x2672889cAe2DF7Ab2E49711AA15e646bc2174Fc3. Status 430. Tentando novamente após backoff...
2024-12-02 18:09:15,499 [WARNING] Falha ao acessar API https://api.blockchair.com/bitcoin/dashboards/address/1BgLiNRqZpAMYMYvJcfyMvA8Zj9uJe3SLt. Status 430. Tentando novamente após backoff...
2024-12-02 18:09:15,766 [WARNING] Exaustão de tentativas para API https://api.blockchair.com/ethereum/dashboards/address/0x8f6ad0f5abb9B0EA475F373F55F57bEabE6747FF. Passando para a próxima API.
2024-12-02 18:09:15,768 [WARNING] Falha ao acessar API https://api.blockchair.com/bitcoin/dashboards/address/1NbKBnkc8KaN7JoAqyuxEJPvR4s4wxhrfU. Status 430. Tentando novamente após backoff...
2024-12-02 18:09:15,991 [WARNING] Falha ao acessar API https://api.blockchair.com/ethereum/dashboards/address/0x2672889cAe2DF7Ab2E49711AA15e646bc2174Fc3. Status 430. Tentando novamente após backoff...
2024-12-02 18:09:16,222 [WARNING] Falha ao acessar API https://api.blockchair.com/bitcoin/dashboards/address/1HeC9wXSviqo6oUdrpV4jGeVwErcRP2BKa. Status 430. Tentando novamente após backoff...
2024-12-02 18:09:16,444 [WARNING] Falha ao acessar API https://api.blockcypher.com/v1/btc/main/addrs/1E97YHXSjqQDSe9FhB2gPhiue2RtqfFmTi/balance. Status 429. Tentando novamente após backoff...
2024-12-02 18:09:16,639 [WARNING] Falha ao acessar API https://api.blockcypher.com/v1/btc/main/addrs/17xSmcL6fxTQChM2Wst9HfW5jwxvgq6k5D/balance. Status 429. Tentando novamente após backoff...
2024-12-02 18:09:16,714 [INFO] Execução interrompida pelo usuário.
2024-12-02 18:10:11,825 [INFO] Iniciando a busca por carteiras com saldo...
2024-12-02 18:10:11,826 [INFO] Usando proxy: http://gurywaqq-rotate:d94fq9njxb3s@p.webshare.io:80
2024-12-02 18:10:11,853 [INFO] Tarefa 1: Gerando carteiras para BTC: 1A83HdauZxWSqt33AzWuggGEFb5TaRtQiL e ETH: 0xe18A4741EfFb5AE136ad8a6fc61380211c77bc40 a partir da mnemonic.
2024-12-02 18:10:11,877 [INFO] Tarefa 2: Gerando carteiras para BTC: 1NySpptTVGwkwiMNC8yUyGV8foG3f2hZKT e ETH: 0x2937ECA1796C62BA77e39F3CBbf7BBe8035DbD9C a partir da mnemonic.
2024-12-02 18:10:11,894 [INFO] Tarefa 3: Gerando carteiras para BTC: 1JmtRYYB76TsoA4kT6zSzYWSHtqjHGaCD5 e ETH: 0x4F3ce31c374dB7a7238a54ed69f197Adc48d4521 a partir da mnemonic.
2024-12-02 18:10:11,906 [INFO] Tarefa 4: Gerando carteiras para BTC: 1CizRXcvNurvgKQTBVCVHfbhPDWxADVwFr e ETH: 0x404dcB4104A34B53F894f2B6e58a2309FFb98775 a partir da mnemonic.
2024-12-02 18:10:11,942 [INFO] Tarefa 5: Gerando carteiras para BTC: 123KFu1N43fQjCmxeACbruiKNW7eNFTV2R e ETH: 0x4eFD769154306b814306AbeDC0333f72f8FF5c55 a partir da mnemonic.
2024-12-02 18:10:11,954 [INFO] Tarefa 6: Gerando carteiras para BTC: 1BXyez9cxHxF2a7Dz9F44avkSsBsWAxNy4 e ETH: 0xD0A53b47C23Eb52C32AFaF3643354749C0506014 a partir da mnemonic.
2024-12-02 18:10:11,966 [INFO] Tarefa 7: Gerando carteiras para BTC: 1M61exfgKP7Ghr7RTeY7Tr19WKzUbYTYXV e ETH: 0x76302d2574192dA5240cb665cBC5eFeDee690920 a partir da mnemonic.
2024-12-02 18:10:11,979 [INFO] Tarefa 8: Gerando carteiras para BTC: 1HEeGAjPcwGd3ci5LUZWDHXSHxkiA16x6V e ETH: 0x0c6e957E48101F03BaB348e2Fc404187543a3959 a partir da mnemonic.
2024-12-02 18:10:11,996 [INFO] Tarefa 9: Gerando carteiras para BTC: 1PLq21BtmUPYUiLBgFWbqdiG2nmy2ZLkai e ETH: 0x69F36FB8Fb6D6FC46aBD4fa1af86B8dfd6BdBC83 a partir da mnemonic.
2024-12-02 18:10:12,012 [INFO] Tarefa 10: Gerando carteiras para BTC: 1Bk49XvU4ruah9TnwaoFo9hcsrhZJHn45Z e ETH: 0x46865Df2537adc9Bac81A2C2dDcc6B848D3FB42c a partir da mnemonic.
2024-12-02 18:10:25,352 [INFO] Endereço 1NySpptTVGwkwiMNC8yUyGV8foG3f2hZKT - Saldo: 0.0 BTC
2024-12-02 18:10:25,920 [INFO] Endereço 1HEeGAjPcwGd3ci5LUZWDHXSHxkiA16x6V - Saldo: 0.0 BTC
2024-12-02 18:10:26,386 [INFO] Endereço 1CizRXcvNurvgKQTBVCVHfbhPDWxADVwFr - Saldo: 0.0 BTC
2024-12-02 18:10:26,435 [INFO] Endereço 123KFu1N43fQjCmxeACbruiKNW7eNFTV2R - Saldo: 0.0 BTC
2024-12-02 18:10:27,743 [INFO] Endereço 1JmtRYYB76TsoA4kT6zSzYWSHtqjHGaCD5 - Saldo: 0.0 BTC
2024-12-02 18:10:29,244 [INFO] Endereço 1BXyez9cxHxF2a7Dz9F44avkSsBsWAxNy4 - Saldo: 0.0 BTC
2024-12-02 18:10:35,248 [INFO] Endereço 1M61exfgKP7Ghr7RTeY7Tr19WKzUbYTYXV - Saldo: 0.0 BTC
2024-12-02 18:10:38,480 [INFO] Tarefa 4: Gerando carteiras para BTC: 1K89GLU55YxEmKh4bgcWv2RjvqpP1tanFX e ETH: 0x40b9AB32b5BC0a79dd0C9666c9fe8e3A70b68123 a partir da mnemonic.
2024-12-02 18:10:39,036 [INFO] Tarefa 5: Gerando carteiras para BTC: 1PXqAGLo4DLaycv1gBUYVnMH8QQpnkQ78M e ETH: 0x9a4d39Be0A29D40DAe7c52b2c7083afE8B7E8A1f a partir da mnemonic.
2024-12-02 18:10:39,049 [INFO] Tarefa 8: Gerando carteiras para BTC: 1vf6sGQG1MrWmg6WC6xfLzQx7FywzeNvb e ETH: 0xFA49512A3dEc74ff72a246170EECBdfd4CcF009D a partir da mnemonic.
2024-12-02 18:10:40,375 [INFO] Tarefa 3: Gerando carteiras para BTC: 172xGf3PtkrerJ5Q4H7RimAJztvmMBzBhr e ETH: 0x6A612C1671eDE80E6e9E8cC18ed0C12aA1267241 a partir da mnemonic.
2024-12-02 18:10:40,866 [INFO] Tarefa 6: Gerando carteiras para BTC: 18Bvh6hmxrVtEEvBEKgFHxLbUxoPhWeRbe e ETH: 0xf78Dd9E4266d0B8b6b6AE046D595856de2412DDb a partir da mnemonic.
2024-12-02 18:10:43,402 [INFO] Tarefa 10: Gerando carteiras para BTC: 14gNGXmsUAHNW9tWbg2cPzBudSmfjUiYZS e ETH: 0xf2d4cffF076752786BFdED7D0DB6fF50cAE4F2f0 a partir da mnemonic.
2024-12-02 18:10:44,239 [INFO] Tarefa 9: Gerando carteiras para BTC: 1CDnWm2w9wx3JvsfHBDHsE16Dr7D2FTKxw e ETH: 0x746E902e97BB5eE3d1C860A9AD6720e8C7d34f6E a partir da mnemonic.
2024-12-02 18:10:45,425 [INFO] Tarefa 2: Gerando carteiras para BTC: 1Ei1KuDm2j13RSewbmPhFAKGWhhQezMb14 e ETH: 0x5aaEe2322BFC1a65763857ccf4C12a842b1d4182 a partir da mnemonic.
2024-12-02 18:10:45,807 [INFO] Tarefa 1: Gerando carteiras para BTC: 17fD4d5BJrQMsmk8siRrd8xJkxpsg4qimv e ETH: 0x0b80c0a75b12aDadCa28dc4e072044E8FCe3C091 a partir da mnemonic.
2024-12-02 18:10:46,184 [INFO] Tarefa 7: Gerando carteiras para BTC: 198jSztPw6QtjHgAp3u6LSyC49Bkxhf8qD e ETH: 0x10D5a329F4FcD0dECdC8e724021dbd14E6Df4294 a partir da mnemonic.
2024-12-02 18:10:50,082 [INFO] Endereço 1K89GLU55YxEmKh4bgcWv2RjvqpP1tanFX - Saldo: 0.0 BTC
2024-12-02 18:10:51,842 [INFO] Endereço 1PXqAGLo4DLaycv1gBUYVnMH8QQpnkQ78M - Saldo: 0.0 BTC
2024-12-02 18:10:52,234 [INFO] Endereço 1vf6sGQG1MrWmg6WC6xfLzQx7FywzeNvb - Saldo: 0.0 BTC
2024-12-02 18:10:53,993 [INFO] Endereço 172xGf3PtkrerJ5Q4H7RimAJztvmMBzBhr - Saldo: 0.0 BTC
2024-12-02 18:10:57,353 [INFO] Endereço 14gNGXmsUAHNW9tWbg2cPzBudSmfjUiYZS - Saldo: 0.0 BTC
2024-12-02 18:10:57,380 [INFO] Endereço 17fD4d5BJrQMsmk8siRrd8xJkxpsg4qimv - Saldo: 0.0 BTC
2024-12-02 18:10:58,584 [INFO] Endereço 18Bvh6hmxrVtEEvBEKgFHxLbUxoPhWeRbe - Saldo: 0.0 BTC
2024-12-02 18:11:01,417 [INFO] Tarefa 4: Gerando carteiras para BTC: 1PaHbvcyryGhjgs8UpdCZu36FKNJfwUoLW e ETH: 0xb62748E5424c4baad827E443c1d056FFe51B87bc a partir da mnemonic.
2024-12-02 18:11:02,908 [INFO] Tarefa 8: Gerando carteiras para BTC: 1HkY7zxfe2J2MCGnQ5WhF5m9MgKUDeFvDw e ETH: 0x2ca6DF33565B10900b03202D1ba45531Cb6c4181 a partir da mnemonic.
2024-12-02 18:11:03,140 [INFO] Tarefa 5: Gerando carteiras para BTC: 1M1vvCwdSrYpgi3cSUVmvtZ5MaooAnoKDM e ETH: 0xe03b2E8445f73f0c99CBd4edF4E9cEE33a36698E a partir da mnemonic.
2024-12-02 18:11:07,847 [INFO] Tarefa 3: Gerando carteiras para BTC: 1AW4SVDmmVvtfbXRqB1gxXfRmqmjqLphCh e ETH: 0xf08FCe6B8Ec10960658f01adA7B46Ee5e1798C9d a partir da mnemonic.
2024-12-02 18:11:08,326 [INFO] Tarefa 1: Gerando carteiras para BTC: 1E3oNqZegDHhcRZaVPyyWKXPMNucVeQQT1 e ETH: 0xdFD5619FC3c207E8Ae9C247AF267a61Bf5B223e8 a partir da mnemonic.
2024-12-02 18:11:10,053 [INFO] Tarefa 10: Gerando carteiras para BTC: 12RcxhZrkyeuz3LdmoZMHZ2s9HJZZfyZQc e ETH: 0x8E37d4D1E39C0f1Cc3926A7e633770353e4B685C a partir da mnemonic.
2024-12-02 18:11:10,269 [INFO] Tarefa 6: Gerando carteiras para BTC: 1Akgoy3yVMVv9auRSu7phZenEymADX2NYt e ETH: 0x7BBBf8e5b78cF531DB703BE53D8eA6c14DEc0934 a partir da mnemonic.
2024-12-02 18:11:15,298 [INFO] Tarefa 2: Gerando carteiras para BTC: 1EzzEePC1H593rvf2y66697cEFc5tbtYxE e ETH: 0x85BAb72208A9e33299c69100dF7232Eb6680c257 a partir da mnemonic.
2024-12-02 18:11:16,590 [INFO] Tarefa 7: Gerando carteiras para BTC: 1A4c7c2dAeioLTMgYAQjwS5HdpZWEKD5xY e ETH: 0xF290ac3c0b1fe0978e5C59C331b818A74d694ee2 a partir da mnemonic.
2024-12-02 18:11:25,467 [INFO] Tarefa 9: Gerando carteiras para BTC: 1BmBEixqpimznPk8FQy6qDnWig2MiPWBAu e ETH: 0x6dff46cd82548f2CB85e13F0F42B61c5eDa9242c a partir da mnemonic.
2024-12-02 18:11:31,321 [INFO] Tarefa 8: Gerando carteiras para BTC: 1QJkSh29XHyRRueSsBgtwkq7iXUkbxvs1K e ETH: 0xa9F5E613F876d6F25Fb5fFB2000Af39b44656c37 a partir da mnemonic.
2024-12-02 18:11:34,310 [INFO] Tarefa 4: Gerando carteiras para BTC: 1Mmdk9uGbg8cU5UTFSntiNRW7qginfkjnN e ETH: 0xcE114AcB7bD2B17d8f74bb1cA87C7Ec901707CF6 a partir da mnemonic.
2024-12-02 18:11:36,595 [INFO] Tarefa 5: Gerando carteiras para BTC: 1CsiQcM6MH6XW1ch7kT5ABuWSNESEkHEjc e ETH: 0x3b1FCdA5c75B5cf530302DFEcD8B29d48fF29eD6 a partir da mnemonic.
2024-12-02 18:11:39,520 [INFO] Tarefa 10: Gerando carteiras para BTC: 1EiuBW4hXKnGWWXjbhmvMBJV8ALPky2cqw e ETH: 0x4c59054cFAb74C2eEd14257f9Cf80F7fa480a943 a partir da mnemonic.
2024-12-02 18:11:40,155 [INFO] Tarefa 3: Gerando carteiras para BTC: 1KfpLFPtAzWZQPdVzBhjufdL16MmaJW7y7 e ETH: 0x9bd43ecD3d9329af44BD52119b27f1c1e8CB0EC0 a partir da mnemonic.
2024-12-02 18:11:40,285 [INFO] Tarefa 6: Gerando carteiras para BTC: 19YtW2FbXCyaQuizZCN2c4aBufxS2HyXcj e ETH: 0x2B7cD1dcaa9882e9D1e8F9306e1a8d5dE859C70A a partir da mnemonic.
2024-12-02 18:11:43,858 [INFO] Tarefa 2: Gerando carteiras para BTC: 173fcCYgNuw5McDEXCWXLJJZwiuEy5xkAD e ETH: 0x975A82A2f97Fe8B9Ded754F1461B4a3fcfAbFF73 a partir da mnemonic.
2024-12-02 18:11:44,120 [INFO] Tarefa 1: Gerando carteiras para BTC: 1Bp9J9rApVXRLFi8U3rVeMA3uTpVT945g3 e ETH: 0x3791b04be13adFa659e7Ca1112370E366379861E a partir da mnemonic.
2024-12-02 18:11:46,387 [INFO] Tarefa 7: Gerando carteiras para BTC: 17s93jcmbriU1htGokFSSaXtWR8ekrfmtV e ETH: 0xF7240B226C1fE6200315f66196F5d50171A1106E a partir da mnemonic.
2024-12-02 18:11:56,318 [INFO] Tarefa 9: Gerando carteiras para BTC: 1CJL8b7QaBp3Ci5e1684Xnp5XifAzjAkFH e ETH: 0x4674f4e24bdb0282D1f0b5a0faeBdF27B783677f a partir da mnemonic.
2024-12-02 18:12:06,511 [INFO] Tarefa 5: Gerando carteiras para BTC: 14cXuYmmJb4bYrJgPnqreJRztanAay56JW e ETH: 0x39758eA84eD1961efDB93c32B4C2Eae419b0c199 a partir da mnemonic.
2024-12-02 18:12:07,063 [INFO] Tarefa 3: Gerando carteiras para BTC: 1JWUHdVpEQbwxwbgJyYw56YAgT5rVLx1jn e ETH: 0x4710568038cc58BA03eB26C5B7003056193c4A17 a partir da mnemonic.
2024-12-02 18:12:08,393 [INFO] Tarefa 4: Gerando carteiras para BTC: 1Nn9e9g5aSLuyiCzuKgrLMNFcQCSVdjqyw e ETH: 0xb587f8b192F66E15B84f382dC78106Aab5449C9D a partir da mnemonic.
2024-12-02 18:12:09,313 [INFO] Tarefa 10: Gerando carteiras para BTC: 1CRoBf8UBxr1TqEwW2AKzrWkTLrPjxqmEw e ETH: 0x5ffA9128e38B81CdD451190549B214AD456Dd700 a partir da mnemonic.
2024-12-02 18:12:10,508 [INFO] Tarefa 2: Gerando carteiras para BTC: 1McTR5dCNkihyJNQaduPFGkYAKStZ9X8D8 e ETH: 0xDbf89D4A751a19256f13A9Ba8995Fafd53e9B284 a partir da mnemonic.
2024-12-02 18:12:12,646 [INFO] Tarefa 1: Gerando carteiras para BTC: 1AK6XjiNbagZCLqk2cES2JWywuP1qGK2nF e ETH: 0x02d6Bf2b3a1b973F471a80EA797c0f6f230d6339 a partir da mnemonic.
2024-12-02 18:12:13,820 [INFO] Tarefa 8: Gerando carteiras para BTC: 1G79ciBrWXvDkSEhRLWvbY1VuCbeZ84hnX e ETH: 0x36912b40BabCD98193CF0591355fA5EF1D2086cc a partir da mnemonic.
2024-12-02 18:12:15,108 [INFO] Tarefa 7: Gerando carteiras para BTC: 1LVBvZTaidZNHrsbrCLeYCLBfZRjGESk1 e ETH: 0x5d8f5D89b91809415a6F5d30De7394620821cb8D a partir da mnemonic.
2024-12-02 18:12:18,583 [INFO] Tarefa 6: Gerando carteiras para BTC: 1E8JQkwtaWYpSmLq5szpF8D3wHWbidDTPW e ETH: 0x8bB849891ed3e76AF6628384750cB234E7F9470e a partir da mnemonic.
2024-12-02 18:12:22,576 [INFO] Tarefa 9: Gerando carteiras para BTC: 1NqRmdd2GpCgHfUmR3uunLyzSsYcJkzBis e ETH: 0x3c6b26E117e4FE59917128890dde5016498abBFb a partir da mnemonic.
2024-12-02 18:12:34,788 [INFO] Tarefa 5: Gerando carteiras para BTC: 1dJee9n7RKPFTMdaJq9scL88aF4p18K2W e ETH: 0x36404330AfC07732D68fa82a7Dc21bdD2Dcdcd87 a partir da mnemonic.
2024-12-02 18:12:35,618 [INFO] Tarefa 3: Gerando carteiras para BTC: 1NWBP5mW8K2ybqUiYAvrF4xqL9zs6NMBth e ETH: 0x03182e1BCA4e9C65072378DADBfb74Fb551D0562 a partir da mnemonic.
2024-12-02 18:12:37,939 [INFO] Tarefa 2: Gerando carteiras para BTC: 1ApTJ9poGKkt3bzLDPDPSUDjC3xqvsYN4e e ETH: 0x73143F264B7DE516f6F790B17F924DEB80c54Bcb a partir da mnemonic.
2024-12-02 18:12:38,145 [INFO] Tarefa 4: Gerando carteiras para BTC: 15jDNd9mKeRd5xvnXmDJ4SHTKJ7TjxdZhq e ETH: 0x6A6435Bf509eaf40fe4061EAE3652A5F66964F11 a partir da mnemonic.
2024-12-02 18:12:38,721 [INFO] Tarefa 10: Gerando carteiras para BTC: 1Du1yzGiv2jcnLastnT4P42kJEifEy2qVk e ETH: 0x8F9f3473D6Ec5c511717D3d387C41120dB81176A a partir da mnemonic.
2024-12-02 18:12:43,507 [INFO] Tarefa 1: Gerando carteiras para BTC: 1LrBybQzVRTFF49ER47pkPbwyQDSmJJuLG e ETH: 0x3aA675e956Ed2F8ba11254d7daA03161066810D8 a partir da mnemonic.
2024-12-02 18:12:44,201 [INFO] Tarefa 7: Gerando carteiras para BTC: 19XUUAt1KbjzrvAdQfrFuE3To2XiwvgiYh e ETH: 0x446DF41A19DCDd9f44221b19cA3d2ef7B23849a3 a partir da mnemonic.
2024-12-02 18:12:47,309 [INFO] Tarefa 6: Gerando carteiras para BTC: 1BnJ7n9hhSVAHCBsTA39gn96PvnGjaGBhv e ETH: 0x06F7e07FA689Fedd8f5Aa207e0196d3e16C662C0 a partir da mnemonic.
2024-12-02 18:12:47,744 [INFO] Tarefa 8: Gerando carteiras para BTC: 1LuggwtDvLnHWFvJBYCYdhV9gBc6qX1wtm e ETH: 0xf519722E8D3764dFd0Ed870fDDf3E4476ccE19a5 a partir da mnemonic.
2024-12-02 18:12:54,396 [INFO] Tarefa 9: Gerando carteiras para BTC: 1Ccef4g4P9Ls6Fu1PWBVALEcWpH1krcuMZ e ETH: 0xaE521bFB3c31a6802612b43eb315E403391D27EE a partir da mnemonic.
2024-12-02 18:13:03,281 [INFO] Tarefa 5: Gerando carteiras para BTC: 1JkJUdv4bL2hWboPEf8mvTUUhNa1GLFByy e ETH: 0x729A01514C883DD9278869594fdF066b6C3D0801 a partir da mnemonic.
2024-12-02 18:13:08,443 [INFO] Tarefa 4: Gerando carteiras para BTC: 1Mzcf7q1W4NcCz1ZUoTEKeHxppmfaH8kRt e ETH: 0xae2bE4D0A62B5F496C6AeFAeD8BF4E75eEa851e7 a partir da mnemonic.
2024-12-02 18:13:08,983 [INFO] Tarefa 3: Gerando carteiras para BTC: 1MNrCL76rr135dCefEhuqYu6Z5WNySYLL2 e ETH: 0xb31Da625a63bdC24b70DD3Bbeb97BE427D1Aae11 a partir da mnemonic.
2024-12-02 18:13:11,377 [INFO] Tarefa 7: Gerando carteiras para BTC: 1N3tRngLyQEpasNqtNuVhFmaZjn76Umzeq e ETH: 0x93A98defAf21031a671782BFEd2f0c7f2Dccf153 a partir da mnemonic.
2024-12-02 18:13:13,185 [INFO] Tarefa 10: Gerando carteiras para BTC: 16oPhGERt2TBrAcffqLcGXR2wyRY33WW9X e ETH: 0xdFBF8ca1C8598a6Cc7F97878964Db52A30bd3BFa a partir da mnemonic.
2024-12-02 18:13:16,383 [INFO] Tarefa 2: Gerando carteiras para BTC: 1AaNn387u7Lnc1KQggZX51eJjAoYhaLbzL e ETH: 0x47F2328d4cf65A8B63DB63C19dD30d3bc78a8E4a a partir da mnemonic.
2024-12-02 18:13:17,721 [INFO] Tarefa 8: Gerando carteiras para BTC: 15xf8rEM7gTF2n71sDCZmvWkt82c1T4RZC e ETH: 0x4B51fEE7a433C176197B021A5b74Ba265EAeb906 a partir da mnemonic.
2024-12-02 18:13:17,872 [INFO] Tarefa 1: Gerando carteiras para BTC: 13MHJvdJP4hEn4uYdPWmL2ivkemgAR5iqv e ETH: 0x645109A41ad1364f82270eE8658D1be92Ef6260d a partir da mnemonic.
2024-12-02 18:13:22,323 [INFO] Tarefa 9: Gerando carteiras para BTC: 1HqE3VhvEJpc4FTcZmRN1zYQRBasvADTQ1 e ETH: 0xD32CD14a0bD4634dAfFAf54B6F5AD76a298A94f9 a partir da mnemonic.
2024-12-02 18:13:25,545 [INFO] Tarefa 6: Gerando carteiras para BTC: 1Nzve6mPT2EPRubXtNDwtrMtZsxgNJc1Da e ETH: 0x7DF7b00Caf787Db9F0Dc182e566B4c1F0ded55aD a partir da mnemonic.
2024-12-02 18:13:33,968 [INFO] Tarefa 5: Gerando carteiras para BTC: 1PNvC67gqHTUFqjnj5UFswEAYEdSDdPwDo e ETH: 0xC36B3B47482A62f0bCc7ea534aB15acF68a23c46 a partir da mnemonic.
2024-12-02 18:13:35,519 [INFO] Tarefa 3: Gerando carteiras para BTC: 17yVWUnt9EkuEJLHJkYvsHfXDY4omVu2MD e ETH: 0xA895ee57fE240fF954dC8420498C2dBF1dc4466E a partir da mnemonic.
2024-12-02 18:13:36,283 [INFO] Tarefa 4: Gerando carteiras para BTC: 1As6UCfmanvmc87w7msLJyAZ2BRcH9hBG1 e ETH: 0x7C63188855931Bdfc15287b22DA859D583968e0b a partir da mnemonic.
2024-12-02 18:13:38,867 [INFO] Tarefa 7: Gerando carteiras para BTC: 12G8dPE6j3H9W3XNajcVQa4GsE3G8vEr1u e ETH: 0x70ADfb15847E1D8A790F830136F057D855446170 a partir da mnemonic.
2024-12-02 18:13:41,282 [INFO] Tarefa 10: Gerando carteiras para BTC: 1P9qQWBb8w1zUYsaYMHufx4SBy8MpThiA5 e ETH: 0xA15334dF4D68E74bBbb0519ffd40e6cB7b97abBa a partir da mnemonic.
2024-12-02 18:13:49,399 [INFO] Tarefa 1: Gerando carteiras para BTC: 15MvDMxWYKafYdUJAKMv9yDWTWXLd1eZGD e ETH: 0xCA65C9CCa7DBE44c9531dfa07771872F244A2625 a partir da mnemonic.
2024-12-02 18:13:53,083 [INFO] Tarefa 8: Gerando carteiras para BTC: 1KonVhzJ9huwJyc8mW9eKsVXL4VgesXfBs e ETH: 0x3b02A901b51733618FdB8ceE2c728ECB5cD40999 a partir da mnemonic.
2024-12-02 18:13:53,781 [INFO] Tarefa 6: Gerando carteiras para BTC: 1KQa6RkEHyXMmC6gML3F5eSrkc5xGFyPS2 e ETH: 0xB9810dc6a32F821620266f1bcE26F0B5E4EBe9CE a partir da mnemonic.
2024-12-02 18:13:53,968 [INFO] Tarefa 9: Gerando carteiras para BTC: 18JvJui2siAQ2drnxgUf315oyzTHDELCaN e ETH: 0x56D2239FC4988D4b076DD3177013CE6943Bbb936 a partir da mnemonic.
2024-12-02 18:13:56,233 [INFO] Tarefa 2: Gerando carteiras para BTC: 1pbZvNSC5HQLSu2KdvwNV98J3aNkvSMbS e ETH: 0x69Eb24DA428F237645eD29a5842302c0196A9e89 a partir da mnemonic.
2024-12-02 18:13:59,373 [INFO] Tarefa 5: Gerando carteiras para BTC: 121dYTx7L7CmGzVbhk7XyNZ7Le3awDv1iZ e ETH: 0x558f44fD3759411FF0A3e572bA386E3AaEdbd78A a partir da mnemonic.
2024-12-02 18:14:04,334 [INFO] Tarefa 3: Gerando carteiras para BTC: 18ceH8E51rtKea9QM8LBdwxYGtsPezjvcZ e ETH: 0x54DBA58D65e84A8eE2858D86C80d27d249C0EaE5 a partir da mnemonic.
2024-12-02 18:14:05,298 [INFO] Tarefa 4: Gerando carteiras para BTC: 14FF7Uqg7mFPgsJWT8XrELvZHcnxiAWEJK e ETH: 0xEabDfFC03cC912dEC377851229194b43A6858611 a partir da mnemonic.
2024-12-02 18:14:07,909 [INFO] Tarefa 10: Gerando carteiras para BTC: 12Jzw8TvVPZYnqDDPNyjXPqGYw7Rcdj8NT e ETH: 0x72637254ec42BC1BE2d4bb463c3922Bd8329aba9 a partir da mnemonic.
2024-12-02 18:14:15,550 [INFO] Tarefa 7: Gerando carteiras para BTC: 1BLT3JYF7ahjXCNaQw4dV9R5QFqXDX7414 e ETH: 0xf76179BA95b58403C1991D4176aCc2f3e1FefA1E a partir da mnemonic.
2024-12-02 18:14:18,785 [INFO] Tarefa 1: Gerando carteiras para BTC: 1PZ169H5nce4Ur1LR2JWM4QEqVV23aCWnK e ETH: 0xC40c65E5F4C97FC2603Ec46C2A496E15bf37add6 a partir da mnemonic.
2024-12-02 18:14:21,620 [INFO] Tarefa 9: Gerando carteiras para BTC: 12kz1V48Hbr34ay9nxcgLv1QmVz7F37GFj e ETH: 0x9336c1747926FB8b55748441A5B848Ee4Aa069A1 a partir da mnemonic.
2024-12-02 18:14:23,294 [INFO] Tarefa 6: Gerando carteiras para BTC: 1DTYgJjZpZgKwBXBDiPdzWhjx6YPMLWtru e ETH: 0xa5D5B4f2585Db10e8B3e1f71C9Be0A88e036931b a partir da mnemonic.
2024-12-02 18:14:24,332 [INFO] Tarefa 2: Gerando carteiras para BTC: 1HMfgJjbEv8hcz4a17XTwooNnACrDSSnj1 e ETH: 0x5387A9fC7a46b245A6B79095E15a117c6E7D2858 a partir da mnemonic.
2024-12-02 18:14:26,739 [INFO] Tarefa 8: Gerando carteiras para BTC: 16Ncca2AYHxTVTY3dsFgNeUQzFmqJWTqim e ETH: 0xD4c369405E83ef0808c8C52186e36dDC56ba7832 a partir da mnemonic.
2024-12-02 18:14:30,456 [INFO] Tarefa 5: Gerando carteiras para BTC: 17AMcd4koJNXkX4dcqHkYZz71CwPp7KYTA e ETH: 0xb80FDC331b493Ce6B44B907D758C686bb37D9Aa4 a partir da mnemonic.
2024-12-02 18:14:32,405 [INFO] Tarefa 3: Gerando carteiras para BTC: 16z8WMkMFpocACtKaZUcWKPaSfhX7VbhSy e ETH: 0x9c852b61312dcDA61a6B40DC0a8Ced3D99aff83B a partir da mnemonic.
2024-12-02 18:14:34,891 [INFO] Tarefa 4: Gerando carteiras para BTC: 1AcpLK5h4FFmjJyEtdBW7PvbgUnREAakYz e ETH: 0x138d61b33D0f772F564a4d8BA1C792566C1a0E47 a partir da mnemonic.
2024-12-02 18:14:40,237 [INFO] Tarefa 10: Gerando carteiras para BTC: 18Tx5mdDMPkJL9186LaKn3uCmEQPQoMtCe e ETH: 0xA7184967c76b7F749c96bBEC49c4DF4706FD9334 a partir da mnemonic.
2024-12-02 18:14:44,895 [INFO] Tarefa 7: Gerando carteiras para BTC: 1KGfwqNTfjpg89SWFJ8ZfyuZGrRPqRc25X e ETH: 0x511535D01ccC138125e65d1B09403168657fCedd a partir da mnemonic.
2024-12-02 18:14:47,857 [INFO] Tarefa 9: Gerando carteiras para BTC: 1EkzRaD6oHMFigZd4gRPikzeFWb8cXxwH7 e ETH: 0x0F400b27dC0EEadB73fc3ccBa0dF1722743FC05B a partir da mnemonic.
2024-12-02 18:14:48,527 [INFO] Tarefa 1: Gerando carteiras para BTC: 1Q5peuFngiLDD1vCt84RKgU1nCHPM7MANM e ETH: 0x09B47978ae5137Ce1d0Fb8D47B075bd0Cd6D5878 a partir da mnemonic.
2024-12-02 18:14:52,281 [INFO] Tarefa 2: Gerando carteiras para BTC: 1Ky3kjqJCMkbCcfyAPB86gKba7EVCbDB1z e ETH: 0x2AAEE97Afd8Ed5f7CFe503e7FC1d07f0596dA9FC a partir da mnemonic.
2024-12-02 18:14:55,857 [INFO] Tarefa 6: Gerando carteiras para BTC: 16LopKmGJoHpspirZneaCc78qHPKJ36fkf e ETH: 0xc291D47DFd9B83C749857dEA2d3EA0526e21B3c5 a partir da mnemonic.
2024-12-02 18:14:59,943 [INFO] Tarefa 5: Gerando carteiras para BTC: 113fp6qAsarcYR7r9cXYYTU6caPttTZyBR e ETH: 0x92e041E164950645cF8fa309DFe650396481B266 a partir da mnemonic.
2024-12-02 18:15:05,732 [INFO] Tarefa 8: Gerando carteiras para BTC: 1J15AamoRbgMjs9VEGftCSq3Fw6nJBntZ2 e ETH: 0xFfB5bcF9C7eb3ec29850541b688cAd2e8f734c8d a partir da mnemonic.
2024-12-02 18:15:13,544 [INFO] Tarefa 4: Gerando carteiras para BTC: 1E5MQgr2wyD3ae3FH9KLzEFMcc2H3CBMqD e ETH: 0x46986547D9039C93E97e0e01cc0cF61243C29111 a partir da mnemonic.
2024-12-02 18:15:18,859 [INFO] Tarefa 9: Gerando carteiras para BTC: 1EJ2XMipGnULGaCxbcd7J5bmdU9a851nM3 e ETH: 0x0ac94A2a3F342f17eB613866A2e06317aeAb3267 a partir da mnemonic.
2024-12-02 18:15:22,412 [INFO] Tarefa 3: Gerando carteiras para BTC: 14Kn1oemAxE8XasxtPWSZhGiTkoZ2coX9b e ETH: 0x26b2bd634B3F84b3aa15c6729E4b7E3D0C2D2Daf a partir da mnemonic.
2024-12-02 18:15:22,994 [INFO] Tarefa 7: Gerando carteiras para BTC: 1QEdnbSxUUASzzmUdPwzRnB4aGZw3Q8ZBb e ETH: 0x62B5E1B4637200876769DC3E9A2eD8019Df9eBfC a partir da mnemonic.
2024-12-02 18:15:23,274 [INFO] Tarefa 2: Gerando carteiras para BTC: 15KCsXLpTqdDvV92TSBqrg5yapeNAHqBW3 e ETH: 0x2c58Ba5eFA57ae6E9e77Ae815d5D0F94C06D12bf a partir da mnemonic.
2024-12-02 18:15:27,651 [INFO] Tarefa 1: Gerando carteiras para BTC: 1P7uWUKPgrdrJHqnrtpHrYBRYTf9f3tjzP e ETH: 0x98F3dedEefacbd68257DBefE14374B0F97281273 a partir da mnemonic.
2024-12-02 18:15:27,926 [INFO] Tarefa 10: Gerando carteiras para BTC: 1JtroMCn9MZakRq8Gbf43DfeSR4xooMajX e ETH: 0x6eb3D768723E89a49b4FF87cC6bED807f5a8ad9d a partir da mnemonic.
2024-12-02 18:15:37,158 [INFO] Tarefa 5: Gerando carteiras para BTC: 1BSjwzNkGgd3qGtzuWsj8ozF9zC8NqxXR6 e ETH: 0x7502bAAD39a53d5a92f73Bc0B9bF1E66374FF140 a partir da mnemonic.
2024-12-02 18:15:39,853 [INFO] Tarefa 6: Gerando carteiras para BTC: 1LYsp7xPGz13pUGXWk8m4aUSGgJsAjVsK5 e ETH: 0xB600CA283E4083aBb5961DD92998adb580898b77 a partir da mnemonic.
2024-12-02 18:15:43,553 [INFO] Tarefa 4: Gerando carteiras para BTC: 1H839qeapKGvfcqekFUtrqeM7oGoQyCJrz e ETH: 0x79c41D76B3b18395DfF1B12Cf88F3a714E677A3a a partir da mnemonic.
2024-12-02 18:15:44,229 [INFO] Tarefa 8: Gerando carteiras para BTC: 1Q3dv6EADvc3B4gdE2CMtue3LeasWE3M2x e ETH: 0x2202b86fb9384adf60b0c34f650381EC69141B69 a partir da mnemonic.
2024-12-02 18:15:48,326 [INFO] Tarefa 9: Gerando carteiras para BTC: 1AXaH6T8iBxQRLcXJdMcVHWeAf8pRAGMyR e ETH: 0xEbeeDb66653178e99EE6fe6aD0Fab981Ae5F93DD a partir da mnemonic.
2024-12-02 18:15:53,985 [INFO] Tarefa 1: Gerando carteiras para BTC: 1PM43QcmbXE6pN3yuG4d95Kiq2bMQw6sTS e ETH: 0x705f86221ce40Cc2f8e3089B09d335B298A108e3 a partir da mnemonic.
2024-12-02 18:15:54,272 [INFO] Tarefa 3: Gerando carteiras para BTC: 15PAVkjVien8h6Pagk2VfiRaY9mkE1qEDF e ETH: 0x38e02D0608FE99e6746696E28e765730fb052172 a partir da mnemonic.
2024-12-02 18:15:54,694 [INFO] Tarefa 2: Gerando carteiras para BTC: 1K1xTb5K67KWHP8xfF7cRv2WkBqxdpZE2n e ETH: 0xa094919b60F5Cb2202e36C01b852b09a167339C0 a partir da mnemonic.
2024-12-02 18:15:54,859 [INFO] Tarefa 7: Gerando carteiras para BTC: 1P8WxvaA8B4Y2ctn9Yve26Jc4pgbs8appD e ETH: 0xdaa25733c0d928542C2d1066230BfB3730dde96C a partir da mnemonic.
2024-12-02 18:16:00,291 [INFO] Tarefa 10: Gerando carteiras para BTC: 16euy94whvnjhxCBLCnh29srmx6DcaGef7 e ETH: 0x91c71466378f12B87D2b377DFE59a3079C97066C a partir da mnemonic.
2024-12-02 18:16:09,692 [INFO] Tarefa 5: Gerando carteiras para BTC: 1AHCSZ6rkQP2QJjiVk6VWe99wpguTy5fg9 e ETH: 0xb99cecb17b7659Fd6c58F75B3e0cb20Ae9BEcEE0 a partir da mnemonic.
2024-12-02 18:16:11,402 [INFO] Tarefa 4: Gerando carteiras para BTC: 19tjUUhduRREE1LePnfnfLBypUfbcfhgcu e ETH: 0x908B89BfB6C17cdbDa7882EBE773DC49090b1Bb0 a partir da mnemonic.
2024-12-02 18:16:11,962 [INFO] Tarefa 6: Gerando carteiras para BTC: 16diUQJVKwBZ8jhXc1VkfWqf55QFT4TSNh e ETH: 0xFED1fDd3e422B6d76532Cb05bA6c0dE8eA5bf0bF a partir da mnemonic.
2024-12-02 18:16:13,650 [INFO] Tarefa 8: Gerando carteiras para BTC: 1HWT9AyUfJi2oiJpcXkomqPgGnVpcmJGHs e ETH: 0xdCB3D536324B2aE7c91A694F3300a30A729f0fc7 a partir da mnemonic.
2024-12-02 18:16:16,583 [INFO] Tarefa 9: Gerando carteiras para BTC: 12RZUDWogyALGEMKZmkMUR8foZomWqtqpW e ETH: 0x24D9FF3Adf9A7Ff5Db33415E8cac523fAC3e6717 a partir da mnemonic.
2024-12-02 18:16:20,481 [INFO] Tarefa 1: Gerando carteiras para BTC: 19tcR9W7f9xFSwzHJQtCPQh3Xq2c5Vm29H e ETH: 0x5716A8a4C4782986F76105e1F92a0b6f2d19B158 a partir da mnemonic.
2024-12-02 18:16:24,126 [INFO] Tarefa 7: Gerando carteiras para BTC: 1AvGynWPkFrdYzok1UBGMmPDsrmfqPBB7f e ETH: 0x36959adb8651FAA6F5ABFDA6f99Fc45A875Ba888 a partir da mnemonic.
2024-12-02 18:16:24,884 [INFO] Tarefa 3: Gerando carteiras para BTC: 1FuMvH51EtzwmZ5VHrvSYGmYohmSXTgLba e ETH: 0x68629DB5B64c2c4d7fe3941e449A56bEd5889d94 a partir da mnemonic.
2024-12-02 18:16:27,625 [INFO] Tarefa 10: Gerando carteiras para BTC: 1NJBqumrBb7K43GLyc3ofksPhdoRcSbZtf e ETH: 0xB255FD5c52D049113aCdE826A30fBb7599E9ABD9 a partir da mnemonic.
2024-12-02 18:16:28,086 [INFO] Tarefa 2: Gerando carteiras para BTC: 15NT47uEuNsQUtxcEAQwdA1srgRFQmLfjF e ETH: 0x6c050eC0fc190884a399d7900a574b4C185FC25c a partir da mnemonic.
2024-12-02 18:16:39,906 [INFO] Tarefa 5: Gerando carteiras para BTC: 1M879bJTEPSoD6SewSNj48CMeV84fS7186 e ETH: 0x8Bb2722BF2dbDb31D9C7C83b8f93b90fc644eEae a partir da mnemonic.
2024-12-02 18:16:41,364 [INFO] Tarefa 8: Gerando carteiras para BTC: 1PZfNfxJJ93RsirjGsproWLBeCjeJRNA7o e ETH: 0xFe63660935CA745C6Ec12f97F192838AA9186343 a partir da mnemonic.
2024-12-02 18:16:43,137 [INFO] Tarefa 4: Gerando carteiras para BTC: 19TdeuBLqq3kPt7dDe646YH5Yh8Uq51RxS e ETH: 0x957896e7B0E64Ba19526ae4f56ea726281B4F68f a partir da mnemonic.
2024-12-02 18:16:44,088 [INFO] Tarefa 6: Gerando carteiras para BTC: 1DPXvENTsawe3jLFhX3Pd4QdMdwFzxRpWJ e ETH: 0x7bBeDE62E7814700Cd477fdFe61c369868151CcA a partir da mnemonic.
2024-12-02 18:16:46,170 [INFO] Tarefa 9: Gerando carteiras para BTC: 15KDPPJrbYHogFxhoQoEdRtb8E9PuBEK2w e ETH: 0x092C63460495ABc520Dc1D683b242daE0F55F7eb a partir da mnemonic.
2024-12-02 18:16:52,104 [INFO] Tarefa 1: Gerando carteiras para BTC: 1C2aNfXSNKKjjhArWHKmuX6XyUbGGiCn1s e ETH: 0x32bbf16A50BCA94fB2adA08961c145a1BC8Ae499 a partir da mnemonic.
2024-12-02 18:16:55,343 [INFO] Tarefa 2: Gerando carteiras para BTC: 1PLebDDqRFRFM7bJtVUMLdVNSfXV4gpjEq e ETH: 0xe2ea4De90ceA117d3D233299440Ef15d050BA570 a partir da mnemonic.
2024-12-02 18:16:56,622 [INFO] Tarefa 3: Gerando carteiras para BTC: 1PWFhES6U2aKHC8bvGkK8NGzoGdGuutr3W e ETH: 0xdB845Bad548D477296464F5c8Ed7f625bfe50fC1 a partir da mnemonic.
2024-12-02 18:16:57,129 [INFO] Tarefa 7: Gerando carteiras para BTC: 1CFMCqLKvdL66qDJjaYszbLNaxCZzqNoJs e ETH: 0x05940e1a411bC0e8648C676844EE712C1D01D092 a partir da mnemonic.
2024-12-02 18:16:59,948 [INFO] Tarefa 10: Gerando carteiras para BTC: 1EZeyRAder5ghJyHrLgLK9i19UZJCsZpyn e ETH: 0xb379003D3008EBD2651E180FDcba7DcebCaeDeD8 a partir da mnemonic.
2024-12-02 18:17:06,665 [INFO] Execução interrompida pelo usuário.
